# JRE version: OpenJDK Runtime Environment (17.0.6) (build 17.0.6+0-b2043.56-10027231)
# Java VM: OpenJDK 64-Bit Server VM (17.0.6+0-b2043.56-10027231, mixed mode, tiered, compressed oops, compressed class ptrs, g1 gc, windows-amd64)
GC Precious Log:
 CPUs: 8 total, 8 available
 Memory: 8025M
 Large Page Support: Disabled
 NUMA Support: Disabled
 Compressed Oops: Enabled (32-bit)
 Heap Region Size: 1M
 Heap Min Capacity: 8M
 Heap Initial Capacity: 126M
 Heap Max Capacity: 2G
 Pre-touch: Disabled
 Parallel Workers: 8
 Concurrent Workers: 2
 Concurrent Refinement Workers: 8
 Periodic GC: Disabled
Heap:
 garbage-first heap   total 232448K, used 174881K [0x0000000080000000, 0x0000000100000000)
  region size 1024K, 76 young (77824K), 1 survivors (1024K)
 Metaspace       used 88233K, committed 88960K, reserved 1130496K
  class space    used 12026K, committed 12352K, reserved 1048576K
GC Heap History (20 events):
Event: 15.760 GC heap before
{Heap before GC invocations=22 (full 0):
 garbage-first heap   total 137216K, used 111465K [0x0000000080000000, 0x0000000100000000)
  region size 1024K, 51 young (52224K), 7 survivors (7168K)
 Metaspace       used 81311K, committed 81920K, reserved 1122304K
  class space    used 11070K, committed 11328K, reserved 1048576K
}
Event: 15.771 GC heap after
{Heap after GC invocations=23 (full 0):
 garbage-first heap   total 164864K, used 69837K [0x0000000080000000, 0x0000000100000000)
  region size 1024K, 4 young (4096K), 4 survivors (4096K)
 Metaspace       used 81311K, committed 81920K, reserved 1122304K
  class space    used 11070K, committed 11328K, reserved 1048576K
}
Event: 16.448 GC heap before
{Heap before GC invocations=23 (full 0):
 garbage-first heap   total 164864K, used 131277K [0x0000000080000000, 0x0000000100000000)
  region size 1024K, 64 young (65536K), 4 survivors (4096K)
 Metaspace       used 82832K, committed 83456K, reserved 1122304K
  class space    used 11290K, committed 11584K, reserved 1048576K
}
Event: 16.458 GC heap after
{Heap after GC invocations=24 (full 0):
 garbage-first heap   total 164864K, used 78500K [0x0000000080000000, 0x0000000100000000)
  region size 1024K, 8 young (8192K), 8 survivors (8192K)
 Metaspace       used 82832K, committed 83456K, reserved 1122304K
  class space    used 11290K, committed 11584K, reserved 1048576K
}
Event: 17.365 GC heap before
{Heap before GC invocations=24 (full 0):
 garbage-first heap   total 164864K, used 129700K [0x0000000080000000, 0x0000000100000000)
  region size 1024K, 59 young (60416K), 8 survivors (8192K)
 Metaspace       used 85286K, committed 85952K, reserved 1130496K
  class space    used 11767K, committed 12032K, reserved 1048576K
}
Event: 17.376 GC heap after
{Heap after GC invocations=25 (full 0):
 garbage-first heap   total 164864K, used 85876K [0x0000000080000000, 0x0000000100000000)
  region size 1024K, 7 young (7168K), 7 survivors (7168K)
 Metaspace       used 85286K, committed 85952K, reserved 1130496K
  class space    used 11767K, committed 12032K, reserved 1048576K
}
Event: 17.895 GC heap before
{Heap before GC invocations=25 (full 0):
 garbage-first heap   total 164864K, used 130932K [0x0000000080000000, 0x0000000100000000)
  region size 1024K, 52 young (53248K), 7 survivors (7168K)
 Metaspace       used 85577K, committed 86208K, reserved 1130496K
  class space    used 11772K, committed 12096K, reserved 1048576K
}
Event: 17.903 GC heap after
{Heap after GC invocations=26 (full 0):
 garbage-first heap   total 164864K, used 88916K [0x0000000080000000, 0x0000000100000000)
  region size 1024K, 5 young (5120K), 5 survivors (5120K)
 Metaspace       used 85577K, committed 86208K, reserved 1130496K
  class space    used 11772K, committed 12096K, reserved 1048576K
}
Event: 18.511 GC heap before
{Heap before GC invocations=27 (full 0):
 garbage-first heap   total 164864K, used 131924K [0x0000000080000000, 0x0000000100000000)
  region size 1024K, 48 young (49152K), 5 survivors (5120K)
 Metaspace       used 86085K, committed 86720K, reserved 1130496K
  class space    used 11824K, committed 12096K, reserved 1048576K
}
Event: 18.518 GC heap after
{Heap after GC invocations=28 (full 0):
 garbage-first heap   total 164864K, used 92132K [0x0000000080000000, 0x0000000100000000)
  region size 1024K, 5 young (5120K), 5 survivors (5120K)
 Metaspace       used 86085K, committed 86720K, reserved 1130496K
  class space    used 11824K, committed 12096K, reserved 1048576K
}
Event: 18.553 GC heap before
{Heap before GC invocations=28 (full 0):
 garbage-first heap   total 164864K, used 94180K [0x0000000080000000, 0x0000000100000000)
  region size 1024K, 8 young (8192K), 5 survivors (5120K)
 Metaspace       used 86106K, committed 86784K, reserved 1130496K
  class space    used 11825K, committed 12096K, reserved 1048576K
}
Event: 18.559 GC heap after
{Heap after GC invocations=29 (full 0):
 garbage-first heap   total 164864K, used 91996K [0x0000000080000000, 0x0000000100000000)
  region size 1024K, 1 young (1024K), 1 survivors (1024K)
 Metaspace       used 86106K, committed 86784K, reserved 1130496K
  class space    used 11825K, committed 12096K, reserved 1048576K
}
Event: 19.140 GC heap before
{Heap before GC invocations=29 (full 0):
 garbage-first heap   total 164864K, used 132956K [0x0000000080000000, 0x0000000100000000)
  region size 1024K, 42 young (43008K), 1 survivors (1024K)
 Metaspace       used 86336K, committed 86976K, reserved 1130496K
  class space    used 11842K, committed 12096K, reserved 1048576K
}
Event: 19.172 GC heap after
{Heap after GC invocations=30 (full 0):
 garbage-first heap   total 232448K, used 96356K [0x0000000080000000, 0x0000000100000000)
  region size 1024K, 6 young (6144K), 6 survivors (6144K)
 Metaspace       used 86336K, committed 86976K, reserved 1130496K
  class space    used 11842K, committed 12096K, reserved 1048576K
}
Event: 20.403 GC heap before
{Heap before GC invocations=31 (full 0):
 garbage-first heap   total 232448K, used 174180K [0x0000000080000000, 0x0000000100000000)
  region size 1024K, 81 young (82944K), 6 survivors (6144K)
 Metaspace       used 86853K, committed 87488K, reserved 1130496K
  class space    used 11891K, committed 12160K, reserved 1048576K
}
Event: 20.409 GC heap after
{Heap after GC invocations=32 (full 0):
 garbage-first heap   total 232448K, used 100346K [0x0000000080000000, 0x0000000100000000)
  region size 1024K, 7 young (7168K), 7 survivors (7168K)
 Metaspace       used 86853K, committed 87488K, reserved 1130496K
  class space    used 11891K, committed 12160K, reserved 1048576K
}
Event: 20.450 GC heap before
{Heap before GC invocations=32 (full 0):
 garbage-first heap   total 232448K, used 103418K [0x0000000080000000, 0x0000000100000000)
  region size 1024K, 11 young (11264K), 7 survivors (7168K)
 Metaspace       used 86853K, committed 87488K, reserved 1130496K
  class space    used 11891K, committed 12160K, reserved 1048576K
}
Event: 20.456 GC heap after
{Heap after GC invocations=33 (full 0):
 garbage-first heap   total 232448K, used 99505K [0x0000000080000000, 0x0000000100000000)
  region size 1024K, 1 young (1024K), 1 survivors (1024K)
 Metaspace       used 86853K, committed 87488K, reserved 1130496K
  class space    used 11891K, committed 12160K, reserved 1048576K
}
Event: 21.035 GC heap before
{Heap before GC invocations=33 (full 0):
 garbage-first heap   total 232448K, used 177329K [0x0000000080000000, 0x0000000100000000)
  region size 1024K, 77 young (78848K), 1 survivors (1024K)
 Metaspace       used 86857K, committed 87488K, reserved 1130496K
  class space    used 11891K, committed 12160K, reserved 1048576K
}
Event: 21.037 GC heap after
{Heap after GC invocations=34 (full 0):
 garbage-first heap   total 232448K, used 99105K [0x0000000080000000, 0x0000000100000000)
  region size 1024K, 1 young (1024K), 1 survivors (1024K)
 Metaspace       used 86857K, committed 87488K, reserved 1130496K
  class space    used 11891K, committed 12160K, reserved 1048576K
}

