# JRE version: OpenJDK Runtime Environment (17.0.6) (build 17.0.6+0-b2043.56-10027231)
# Java VM: OpenJDK 64-Bit Server VM (17.0.6+0-b2043.56-10027231, mixed mode, tiered, compressed oops, compressed class ptrs, g1 gc, windows-amd64)
GC Precious Log:
 CPUs: 8 total, 8 available
 Memory: 8025M
 Large Page Support: Disabled
 NUMA Support: Disabled
 Compressed Oops: Enabled (32-bit)
 Heap Region Size: 1M
 Heap Min Capacity: 8M
 Heap Initial Capacity: 126M
 Heap Max Capacity: 2G
 Pre-touch: Disabled
 Parallel Workers: 8
 Concurrent Workers: 2
 Concurrent Refinement Workers: 8
 Periodic GC: Disabled
Heap:
 garbage-first heap   total 266240K, used 179433K [0x0000000080000000, 0x0000000100000000)
  region size 1024K, 83 young (84992K), 9 survivors (9216K)
 Metaspace       used 96813K, committed 97536K, reserved 1138688K
  class space    used 13431K, committed 13760K, reserved 1048576K
GC Heap History (20 events):
Event: 15.328 GC heap before
{Heap before GC invocations=49 (full 0):
 garbage-first heap   total 122880K, used 100594K [0x0000000080000000, 0x0000000100000000)
  region size 1024K, 36 young (36864K), 5 survivors (5120K)
 Metaspace       used 81525K, committed 82176K, reserved 1122304K
  class space    used 11098K, committed 11392K, reserved 1048576K
}
Event: 15.336 GC heap after
{Heap after GC invocations=50 (full 0):
 garbage-first heap   total 122880K, used 71367K [0x0000000080000000, 0x0000000100000000)
  region size 1024K, 5 young (5120K), 5 survivors (5120K)
 Metaspace       used 81525K, committed 82176K, reserved 1122304K
  class space    used 11098K, committed 11392K, reserved 1048576K
}
Event: 15.742 GC heap before
{Heap before GC invocations=50 (full 0):
 garbage-first heap   total 122880K, used 102087K [0x0000000080000000, 0x0000000100000000)
  region size 1024K, 35 young (35840K), 5 survivors (5120K)
 Metaspace       used 82554K, committed 83264K, reserved 1122304K
  class space    used 11246K, committed 11584K, reserved 1048576K
}
Event: 15.751 GC heap after
{Heap after GC invocations=51 (full 0):
 garbage-first heap   total 153600K, used 75802K [0x0000000080000000, 0x0000000100000000)
  region size 1024K, 5 young (5120K), 5 survivors (5120K)
 Metaspace       used 82554K, committed 83264K, reserved 1122304K
  class space    used 11246K, committed 11584K, reserved 1048576K
}
Event: 16.624 GC heap before
{Heap before GC invocations=52 (full 0):
 garbage-first heap   total 153600K, used 123930K [0x0000000080000000, 0x0000000100000000)
  region size 1024K, 52 young (53248K), 5 survivors (5120K)
 Metaspace       used 84757K, committed 85376K, reserved 1130496K
  class space    used 11640K, committed 11904K, reserved 1048576K
}
Event: 16.634 GC heap after
{Heap after GC invocations=53 (full 0):
 garbage-first heap   total 153600K, used 82662K [0x0000000080000000, 0x0000000100000000)
  region size 1024K, 7 young (7168K), 7 survivors (7168K)
 Metaspace       used 84757K, committed 85376K, reserved 1130496K
  class space    used 11640K, committed 11904K, reserved 1048576K
}
Event: 17.292 GC heap before
{Heap before GC invocations=53 (full 0):
 garbage-first heap   total 153600K, used 123622K [0x0000000080000000, 0x0000000100000000)
  region size 1024K, 48 young (49152K), 7 survivors (7168K)
 Metaspace       used 85241K, committed 85888K, reserved 1130496K
  class space    used 11726K, committed 12032K, reserved 1048576K
}
Event: 17.302 GC heap after
{Heap after GC invocations=54 (full 0):
 garbage-first heap   total 153600K, used 87865K [0x0000000080000000, 0x0000000100000000)
  region size 1024K, 6 young (6144K), 6 survivors (6144K)
 Metaspace       used 85241K, committed 85888K, reserved 1130496K
  class space    used 11726K, committed 12032K, reserved 1048576K
}
Event: 17.992 GC heap before
{Heap before GC invocations=55 (full 0):
 garbage-first heap   total 153600K, used 123705K [0x0000000080000000, 0x0000000100000000)
  region size 1024K, 42 young (43008K), 6 survivors (6144K)
 Metaspace       used 85581K, committed 86208K, reserved 1130496K
  class space    used 11749K, committed 12032K, reserved 1048576K
}
Event: 17.999 GC heap after
{Heap after GC invocations=56 (full 0):
 garbage-first heap   total 153600K, used 90308K [0x0000000080000000, 0x0000000100000000)
  region size 1024K, 5 young (5120K), 5 survivors (5120K)
 Metaspace       used 85581K, committed 86208K, reserved 1130496K
  class space    used 11749K, committed 12032K, reserved 1048576K
}
Event: 18.016 GC heap before
{Heap before GC invocations=56 (full 0):
 garbage-first heap   total 153600K, used 92356K [0x0000000080000000, 0x0000000100000000)
  region size 1024K, 7 young (7168K), 5 survivors (5120K)
 Metaspace       used 85604K, committed 86272K, reserved 1130496K
  class space    used 11749K, committed 12032K, reserved 1048576K
}
Event: 18.020 GC heap after
{Heap after GC invocations=57 (full 0):
 garbage-first heap   total 153600K, used 89286K [0x0000000080000000, 0x0000000100000000)
  region size 1024K, 1 young (1024K), 1 survivors (1024K)
 Metaspace       used 85604K, committed 86272K, reserved 1130496K
  class space    used 11749K, committed 12032K, reserved 1048576K
}
Event: 18.651 GC heap before
{Heap before GC invocations=57 (full 0):
 garbage-first heap   total 153600K, used 124102K [0x0000000080000000, 0x0000000100000000)
  region size 1024K, 36 young (36864K), 1 survivors (1024K)
 Metaspace       used 85961K, committed 86656K, reserved 1130496K
  class space    used 11781K, committed 12096K, reserved 1048576K
}
Event: 18.660 GC heap after
{Heap after GC invocations=58 (full 0):
 garbage-first heap   total 153600K, used 91967K [0x0000000080000000, 0x0000000100000000)
  region size 1024K, 4 young (4096K), 4 survivors (4096K)
 Metaspace       used 85961K, committed 86656K, reserved 1130496K
  class space    used 11781K, committed 12096K, reserved 1048576K
}
Event: 19.124 GC heap before
{Heap before GC invocations=59 (full 0):
 garbage-first heap   total 158720K, used 125759K [0x0000000080000000, 0x0000000100000000)
  region size 1024K, 38 young (38912K), 4 survivors (4096K)
 Metaspace       used 86095K, committed 86784K, reserved 1130496K
  class space    used 11792K, committed 12096K, reserved 1048576K
}
Event: 19.131 GC heap after
{Heap after GC invocations=60 (full 0):
 garbage-first heap   total 158720K, used 95492K [0x0000000080000000, 0x0000000100000000)
  region size 1024K, 5 young (5120K), 5 survivors (5120K)
 Metaspace       used 86095K, committed 86784K, reserved 1130496K
  class space    used 11792K, committed 12096K, reserved 1048576K
}
Event: 19.149 GC heap before
{Heap before GC invocations=60 (full 0):
 garbage-first heap   total 158720K, used 97540K [0x0000000080000000, 0x0000000100000000)
  region size 1024K, 7 young (7168K), 5 survivors (5120K)
 Metaspace       used 86105K, committed 86784K, reserved 1130496K
  class space    used 11792K, committed 12096K, reserved 1048576K
}
Event: 19.160 GC heap after
{Heap after GC invocations=61 (full 0):
 garbage-first heap   total 266240K, used 94763K [0x0000000080000000, 0x0000000100000000)
  region size 1024K, 1 young (1024K), 1 survivors (1024K)
 Metaspace       used 86105K, committed 86784K, reserved 1130496K
  class space    used 11792K, committed 12096K, reserved 1048576K
}
Event: 20.411 GC heap before
{Heap before GC invocations=61 (full 0):
 garbage-first heap   total 266240K, used 204331K [0x0000000080000000, 0x0000000100000000)
  region size 1024K, 109 young (111616K), 1 survivors (1024K)
 Metaspace       used 86830K, committed 87488K, reserved 1130496K
  class space    used 11882K, committed 12160K, reserved 1048576K
}
Event: 20.422 GC heap after
{Heap after GC invocations=62 (full 0):
 garbage-first heap   total 266240K, used 102633K [0x0000000080000000, 0x0000000100000000)
  region size 1024K, 9 young (9216K), 9 survivors (9216K)
 Metaspace       used 86830K, committed 87488K, reserved 1130496K
  class space    used 11882K, committed 12160K, reserved 1048576K
}

