# JRE version: OpenJDK Runtime Environment (17.0.6) (build 17.0.6+0-b2043.56-10027231)
# Java VM: OpenJDK 64-Bit Server VM (17.0.6+0-b2043.56-10027231, mixed mode, tiered, compressed oops, compressed class ptrs, g1 gc, windows-amd64)
GC Precious Log:
 CPUs: 8 total, 8 available
 Memory: 8025M
 Large Page Support: Disabled
 NUMA Support: Disabled
 Compressed Oops: Enabled (32-bit)
 Heap Region Size: 1M
 Heap Min Capacity: 8M
 Heap Initial Capacity: 126M
 Heap Max Capacity: 2G
 Pre-touch: Disabled
 Parallel Workers: 8
 Concurrent Workers: 2
 Concurrent Refinement Workers: 8
 Periodic GC: Disabled
Heap:
 garbage-first heap   total 171008K, used 98037K [0x0000000080000000, 0x0000000100000000)
  region size 1024K, 1 young (1024K), 1 survivors (1024K)
 Metaspace       used 86724K, committed 87360K, reserved 1130496K
  class space    used 11844K, committed 12096K, reserved 1048576K
GC Heap History (20 events):
Event: 17.839 GC heap after
{Heap after GC invocations=32 (full 0):
 garbage-first heap   total 129024K, used 73722K [0x0000000080000000, 0x0000000100000000)
  region size 1024K, 5 young (5120K), 5 survivors (5120K)
 Metaspace       used 82538K, committed 83200K, reserved 1122304K
  class space    used 11237K, committed 11520K, reserved 1048576K
}
Event: 18.356 GC heap before
{Heap before GC invocations=32 (full 0):
 garbage-first heap   total 129024K, used 105466K [0x0000000080000000, 0x0000000100000000)
  region size 1024K, 36 young (36864K), 5 survivors (5120K)
 Metaspace       used 83554K, committed 84224K, reserved 1122304K
  class space    used 11443K, committed 11712K, reserved 1048576K
}
Event: 18.367 GC heap after
{Heap after GC invocations=33 (full 0):
 garbage-first heap   total 129024K, used 78940K [0x0000000080000000, 0x0000000100000000)
  region size 1024K, 5 young (5120K), 5 survivors (5120K)
 Metaspace       used 83554K, committed 84224K, reserved 1122304K
  class space    used 11443K, committed 11712K, reserved 1048576K
}
Event: 19.144 GC heap before
{Heap before GC invocations=34 (full 0):
 garbage-first heap   total 137216K, used 104540K [0x0000000080000000, 0x0000000100000000)
  region size 1024K, 30 young (30720K), 5 survivors (5120K)
 Metaspace       used 85042K, committed 85696K, reserved 1130496K
  class space    used 11719K, committed 11968K, reserved 1048576K
}
Event: 19.154 GC heap after
{Heap after GC invocations=35 (full 0):
 garbage-first heap   total 137216K, used 83270K [0x0000000080000000, 0x0000000100000000)
  region size 1024K, 4 young (4096K), 4 survivors (4096K)
 Metaspace       used 85042K, committed 85696K, reserved 1130496K
  class space    used 11719K, committed 11968K, reserved 1048576K
}
Event: 19.181 GC heap before
{Heap before GC invocations=35 (full 0):
 garbage-first heap   total 137216K, used 85318K [0x0000000080000000, 0x0000000100000000)
  region size 1024K, 6 young (6144K), 4 survivors (4096K)
 Metaspace       used 85054K, committed 85696K, reserved 1130496K
  class space    used 11720K, committed 11968K, reserved 1048576K
}
Event: 19.194 GC heap after
{Heap after GC invocations=36 (full 0):
 garbage-first heap   total 164864K, used 83291K [0x0000000080000000, 0x0000000100000000)
  region size 1024K, 1 young (1024K), 1 survivors (1024K)
 Metaspace       used 85054K, committed 85696K, reserved 1130496K
  class space    used 11720K, committed 11968K, reserved 1048576K
}
Event: 20.160 GC heap before
{Heap before GC invocations=36 (full 0):
 garbage-first heap   total 164864K, used 129371K [0x0000000080000000, 0x0000000100000000)
  region size 1024K, 47 young (48128K), 1 survivors (1024K)
 Metaspace       used 85330K, committed 86016K, reserved 1130496K
  class space    used 11722K, committed 12032K, reserved 1048576K
}
Event: 20.166 GC heap after
{Heap after GC invocations=37 (full 0):
 garbage-first heap   total 164864K, used 87237K [0x0000000080000000, 0x0000000100000000)
  region size 1024K, 5 young (5120K), 5 survivors (5120K)
 Metaspace       used 85330K, committed 86016K, reserved 1130496K
  class space    used 11722K, committed 12032K, reserved 1048576K
}
Event: 20.935 GC heap before
{Heap before GC invocations=38 (full 0):
 garbage-first heap   total 164864K, used 131269K [0x0000000080000000, 0x0000000100000000)
  region size 1024K, 49 young (50176K), 5 survivors (5120K)
 Metaspace       used 85845K, committed 86464K, reserved 1130496K
  class space    used 11774K, committed 12032K, reserved 1048576K
}
Event: 20.943 GC heap after
{Heap after GC invocations=39 (full 0):
 garbage-first heap   total 164864K, used 90656K [0x0000000080000000, 0x0000000100000000)
  region size 1024K, 6 young (6144K), 6 survivors (6144K)
 Metaspace       used 85845K, committed 86464K, reserved 1130496K
  class space    used 11774K, committed 12032K, reserved 1048576K
}
Event: 20.957 GC heap before
{Heap before GC invocations=39 (full 0):
 garbage-first heap   total 164864K, used 91680K [0x0000000080000000, 0x0000000100000000)
  region size 1024K, 8 young (8192K), 6 survivors (6144K)
 Metaspace       used 85860K, committed 86464K, reserved 1130496K
  class space    used 11774K, committed 12032K, reserved 1048576K
}
Event: 20.962 GC heap after
{Heap after GC invocations=40 (full 0):
 garbage-first heap   total 164864K, used 90007K [0x0000000080000000, 0x0000000100000000)
  region size 1024K, 1 young (1024K), 1 survivors (1024K)
 Metaspace       used 85860K, committed 86464K, reserved 1130496K
  class space    used 11774K, committed 12032K, reserved 1048576K
}
Event: 21.306 GC heap before
{Heap before GC invocations=40 (full 0):
 garbage-first heap   total 164864K, used 130967K [0x0000000080000000, 0x0000000100000000)
  region size 1024K, 42 young (43008K), 1 survivors (1024K)
 Metaspace       used 86078K, committed 86656K, reserved 1130496K
  class space    used 11789K, committed 12032K, reserved 1048576K
}
Event: 21.318 GC heap after
{Heap after GC invocations=41 (full 0):
 garbage-first heap   total 164864K, used 94096K [0x0000000080000000, 0x0000000100000000)
  region size 1024K, 5 young (5120K), 5 survivors (5120K)
 Metaspace       used 86078K, committed 86656K, reserved 1130496K
  class space    used 11789K, committed 12032K, reserved 1048576K
}
Event: 21.923 GC heap before
{Heap before GC invocations=42 (full 0):
 garbage-first heap   total 171008K, used 134032K [0x0000000080000000, 0x0000000100000000)
  region size 1024K, 43 young (44032K), 5 survivors (5120K)
 Metaspace       used 86673K, committed 87296K, reserved 1130496K
  class space    used 11842K, committed 12096K, reserved 1048576K
}
Event: 21.928 GC heap after
{Heap after GC invocations=43 (full 0):
 garbage-first heap   total 171008K, used 98822K [0x0000000080000000, 0x0000000100000000)
  region size 1024K, 5 young (5120K), 5 survivors (5120K)
 Metaspace       used 86673K, committed 87296K, reserved 1130496K
  class space    used 11842K, committed 12096K, reserved 1048576K
}
Event: 21.950 GC heap before
{Heap before GC invocations=43 (full 0):
 garbage-first heap   total 171008K, used 101894K [0x0000000080000000, 0x0000000100000000)
  region size 1024K, 8 young (8192K), 5 survivors (5120K)
 Metaspace       used 86689K, committed 87360K, reserved 1130496K
  class space    used 11842K, committed 12096K, reserved 1048576K
}
Event: 21.955 GC heap after
{Heap after GC invocations=44 (full 0):
 garbage-first heap   total 171008K, used 98396K [0x0000000080000000, 0x0000000100000000)
  region size 1024K, 1 young (1024K), 1 survivors (1024K)
 Metaspace       used 86689K, committed 87360K, reserved 1130496K
  class space    used 11842K, committed 12096K, reserved 1048576K
}
Event: 22.193 GC heap before
{Heap before GC invocations=44 (full 0):
 garbage-first heap   total 171008K, used 139356K [0x0000000080000000, 0x0000000100000000)
  region size 1024K, 41 young (41984K), 1 survivors (1024K)
 Metaspace       used 86724K, committed 87360K, reserved 1130496K
  class space    used 11844K, committed 12096K, reserved 1048576K
}

