# JRE version: OpenJDK Runtime Environment (17.0.6) (build 17.0.6+0-b2043.56-10027231)
# Java VM: OpenJDK 64-Bit Server VM (17.0.6+0-b2043.56-10027231, mixed mode, tiered, compressed oops, compressed class ptrs, g1 gc, windows-amd64)
GC Precious Log:
 CPUs: 8 total, 8 available
 Memory: 8025M
 Large Page Support: Disabled
 NUMA Support: Disabled
 Compressed Oops: Enabled (32-bit)
 Heap Region Size: 1M
 Heap Min Capacity: 8M
 Heap Initial Capacity: 126M
 Heap Max Capacity: 2G
 Pre-touch: Disabled
 Parallel Workers: 8
 Concurrent Workers: 2
 Concurrent Refinement Workers: 8
 Periodic GC: Disabled
Heap:
 garbage-first heap   total 198656K, used 116190K [0x0000000080000000, 0x0000000100000000)
  region size 1024K, 3 young (3072K), 3 survivors (3072K)
 Metaspace       used 94068K, committed 94720K, reserved 1130496K
  class space    used 12743K, committed 13056K, reserved 1048576K
GC Heap History (20 events):
Event: 20.723 GC heap after
{Heap after GC invocations=26 (full 0):
 garbage-first heap   total 198656K, used 89329K [0x0000000080000000, 0x0000000100000000)
  region size 1024K, 5 young (5120K), 5 survivors (5120K)
 Metaspace       used 85617K, committed 86272K, reserved 1130496K
  class space    used 11731K, committed 12032K, reserved 1048576K
}
Event: 24.245 GC heap before
{Heap before GC invocations=27 (full 0):
 garbage-first heap   total 198656K, used 158961K [0x0000000080000000, 0x0000000100000000)
  region size 1024K, 72 young (73728K), 5 survivors (5120K)
 Metaspace       used 85854K, committed 86464K, reserved 1130496K
  class space    used 11772K, committed 12032K, reserved 1048576K
}
Event: 24.254 GC heap after
{Heap after GC invocations=28 (full 0):
 garbage-first heap   total 198656K, used 93442K [0x0000000080000000, 0x0000000100000000)
  region size 1024K, 7 young (7168K), 7 survivors (7168K)
 Metaspace       used 85854K, committed 86464K, reserved 1130496K
  class space    used 11772K, committed 12032K, reserved 1048576K
}
Event: 24.278 GC heap before
{Heap before GC invocations=28 (full 0):
 garbage-first heap   total 198656K, used 94466K [0x0000000080000000, 0x0000000100000000)
  region size 1024K, 9 young (9216K), 7 survivors (7168K)
 Metaspace       used 85854K, committed 86464K, reserved 1130496K
  class space    used 11772K, committed 12032K, reserved 1048576K
}
Event: 24.320 GC heap after
{Heap after GC invocations=29 (full 0):
 garbage-first heap   total 198656K, used 93187K [0x0000000080000000, 0x0000000100000000)
  region size 1024K, 1 young (1024K), 1 survivors (1024K)
 Metaspace       used 85854K, committed 86464K, reserved 1130496K
  class space    used 11772K, committed 12032K, reserved 1048576K
}
Event: 24.975 GC heap before
{Heap before GC invocations=29 (full 0):
 garbage-first heap   total 198656K, used 160771K [0x0000000080000000, 0x0000000100000000)
  region size 1024K, 67 young (68608K), 1 survivors (1024K)
 Metaspace       used 85855K, committed 86464K, reserved 1130496K
  class space    used 11772K, committed 12032K, reserved 1048576K
}
Event: 24.979 GC heap after
{Heap after GC invocations=30 (full 0):
 garbage-first heap   total 198656K, used 93568K [0x0000000080000000, 0x0000000100000000)
  region size 1024K, 2 young (2048K), 2 survivors (2048K)
 Metaspace       used 85855K, committed 86464K, reserved 1130496K
  class space    used 11772K, committed 12032K, reserved 1048576K
}
Event: 27.036 GC heap before
{Heap before GC invocations=31 (full 0):
 garbage-first heap   total 198656K, used 163200K [0x0000000080000000, 0x0000000100000000)
  region size 1024K, 69 young (70656K), 2 survivors (2048K)
 Metaspace       used 86450K, committed 87104K, reserved 1130496K
  class space    used 11841K, committed 12160K, reserved 1048576K
}
Event: 27.042 GC heap after
{Heap after GC invocations=32 (full 0):
 garbage-first heap   total 198656K, used 96776K [0x0000000080000000, 0x0000000100000000)
  region size 1024K, 7 young (7168K), 7 survivors (7168K)
 Metaspace       used 86450K, committed 87104K, reserved 1130496K
  class space    used 11841K, committed 12160K, reserved 1048576K
}
Event: 27.057 GC heap before
{Heap before GC invocations=32 (full 0):
 garbage-first heap   total 198656K, used 98824K [0x0000000080000000, 0x0000000100000000)
  region size 1024K, 9 young (9216K), 7 survivors (7168K)
 Metaspace       used 86450K, committed 87104K, reserved 1130496K
  class space    used 11841K, committed 12160K, reserved 1048576K
}
Event: 27.103 GC heap after
{Heap after GC invocations=33 (full 0):
 garbage-first heap   total 198656K, used 96640K [0x0000000080000000, 0x0000000100000000)
  region size 1024K, 1 young (1024K), 1 survivors (1024K)
 Metaspace       used 86450K, committed 87104K, reserved 1130496K
  class space    used 11841K, committed 12160K, reserved 1048576K
}
Event: 27.897 GC heap before
{Heap before GC invocations=33 (full 0):
 garbage-first heap   total 198656K, used 163200K [0x0000000080000000, 0x0000000100000000)
  region size 1024K, 66 young (67584K), 1 survivors (1024K)
 Metaspace       used 89380K, committed 90048K, reserved 1130496K
  class space    used 12169K, committed 12480K, reserved 1048576K
}
Event: 27.905 GC heap after
{Heap after GC invocations=34 (full 0):
 garbage-first heap   total 198656K, used 101609K [0x0000000080000000, 0x0000000100000000)
  region size 1024K, 6 young (6144K), 6 survivors (6144K)
 Metaspace       used 89380K, committed 90048K, reserved 1130496K
  class space    used 12169K, committed 12480K, reserved 1048576K
}
Event: 28.396 GC heap before
{Heap before GC invocations=34 (full 0):
 garbage-first heap   total 198656K, used 162025K [0x0000000080000000, 0x0000000100000000)
  region size 1024K, 66 young (67584K), 6 survivors (6144K)
 Metaspace       used 91330K, committed 91968K, reserved 1130496K
  class space    used 12417K, committed 12672K, reserved 1048576K
}
Event: 28.414 GC heap after
{Heap after GC invocations=35 (full 0):
 garbage-first heap   total 198656K, used 105870K [0x0000000080000000, 0x0000000100000000)
  region size 1024K, 6 young (6144K), 6 survivors (6144K)
 Metaspace       used 91330K, committed 91968K, reserved 1130496K
  class space    used 12417K, committed 12672K, reserved 1048576K
}
Event: 33.621 GC heap before
{Heap before GC invocations=35 (full 0):
 garbage-first heap   total 198656K, used 162190K [0x0000000080000000, 0x0000000100000000)
  region size 1024K, 62 young (63488K), 6 survivors (6144K)
 Metaspace       used 93473K, committed 94144K, reserved 1130496K
  class space    used 12692K, committed 12992K, reserved 1048576K
}
Event: 33.634 GC heap after
{Heap after GC invocations=36 (full 0):
 garbage-first heap   total 198656K, used 113090K [0x0000000080000000, 0x0000000100000000)
  region size 1024K, 8 young (8192K), 8 survivors (8192K)
 Metaspace       used 93473K, committed 94144K, reserved 1130496K
  class space    used 12692K, committed 12992K, reserved 1048576K
}
Event: 34.085 GC heap before
{Heap before GC invocations=36 (full 0):
 garbage-first heap   total 198656K, used 163266K [0x0000000080000000, 0x0000000100000000)
  region size 1024K, 56 young (57344K), 8 survivors (8192K)
 Metaspace       used 94025K, committed 94720K, reserved 1130496K
  class space    used 12741K, committed 13056K, reserved 1048576K
}
Event: 34.100 GC heap after
{Heap after GC invocations=37 (full 0):
 garbage-first heap   total 198656K, used 116412K [0x0000000080000000, 0x0000000100000000)
  region size 1024K, 3 young (3072K), 3 survivors (3072K)
 Metaspace       used 94025K, committed 94720K, reserved 1130496K
  class space    used 12741K, committed 13056K, reserved 1048576K
}
Event: 34.388 GC heap before
{Heap before GC invocations=37 (full 0):
 garbage-first heap   total 198656K, used 164540K [0x0000000080000000, 0x0000000100000000)
  region size 1024K, 50 young (51200K), 3 survivors (3072K)
 Metaspace       used 94068K, committed 94720K, reserved 1130496K
  class space    used 12743K, committed 13056K, reserved 1048576K
}

