# JRE version: OpenJDK Runtime Environment (17.0.6) (build 17.0.6+0-b2043.56-10027231)
# Java VM: OpenJDK 64-Bit Server VM (17.0.6+0-b2043.56-10027231, mixed mode, tiered, compressed oops, compressed class ptrs, g1 gc, windows-amd64)
GC Precious Log:
 CPUs: 8 total, 8 available
 Memory: 8025M
 Large Page Support: Disabled
 NUMA Support: Disabled
 Compressed Oops: Enabled (32-bit)
 Heap Region Size: 1M
 Heap Min Capacity: 8M
 Heap Initial Capacity: 126M
 Heap Max Capacity: 2G
 Pre-touch: Disabled
 Parallel Workers: 8
 Concurrent Workers: 2
 Concurrent Refinement Workers: 8
 Periodic GC: Disabled
Heap:
 garbage-first heap   total 246784K, used 118031K [0x0000000080000000, 0x0000000100000000)
  region size 1024K, 51 young (52224K), 3 survivors (3072K)
 Metaspace       used 82614K, committed 83200K, reserved 1122304K
  class space    used 11261K, committed 11520K, reserved 1048576K
GC Heap History (20 events):
Event: 10.542 GC heap before
{Heap before GC invocations=18 (full 0):
 garbage-first heap   total 119808K, used 95727K [0x0000000080000000, 0x0000000100000000)
  region size 1024K, 49 young (50176K), 8 survivors (8192K)
 Metaspace       used 62881K, committed 63424K, reserved 1105920K
  class space    used 8299K, committed 8576K, reserved 1048576K
}
Event: 10.547 GC heap after
{Heap after GC invocations=19 (full 0):
 garbage-first heap   total 119808K, used 58406K [0x0000000080000000, 0x0000000100000000)
  region size 1024K, 7 young (7168K), 7 survivors (7168K)
 Metaspace       used 62881K, committed 63424K, reserved 1105920K
  class space    used 8299K, committed 8576K, reserved 1048576K
}
Event: 11.060 GC heap before
{Heap before GC invocations=19 (full 0):
 garbage-first heap   total 119808K, used 93222K [0x0000000080000000, 0x0000000100000000)
  region size 1024K, 41 young (41984K), 7 survivors (7168K)
 Metaspace       used 66353K, committed 66880K, reserved 1114112K
  class space    used 8741K, committed 9024K, reserved 1048576K
}
Event: 11.064 GC heap after
{Heap after GC invocations=20 (full 0):
 garbage-first heap   total 119808K, used 54724K [0x0000000080000000, 0x0000000100000000)
  region size 1024K, 3 young (3072K), 3 survivors (3072K)
 Metaspace       used 66353K, committed 66880K, reserved 1114112K
  class space    used 8741K, committed 9024K, reserved 1048576K
}
Event: 11.374 GC heap before
{Heap before GC invocations=20 (full 0):
 garbage-first heap   total 119808K, used 91588K [0x0000000080000000, 0x0000000100000000)
  region size 1024K, 39 young (39936K), 3 survivors (3072K)
 Metaspace       used 67211K, committed 67776K, reserved 1114112K
  class space    used 8879K, committed 9152K, reserved 1048576K
}
Event: 11.380 GC heap after
{Heap after GC invocations=21 (full 0):
 garbage-first heap   total 119808K, used 57961K [0x0000000080000000, 0x0000000100000000)
  region size 1024K, 5 young (5120K), 5 survivors (5120K)
 Metaspace       used 67211K, committed 67776K, reserved 1114112K
  class space    used 8879K, committed 9152K, reserved 1048576K
}
Event: 11.658 GC heap before
{Heap before GC invocations=21 (full 0):
 garbage-first heap   total 119808K, used 84585K [0x0000000080000000, 0x0000000100000000)
  region size 1024K, 32 young (32768K), 5 survivors (5120K)
 Metaspace       used 69103K, committed 69696K, reserved 1114112K
  class space    used 9139K, committed 9408K, reserved 1048576K
}
Event: 11.663 GC heap after
{Heap after GC invocations=22 (full 0):
 garbage-first heap   total 119808K, used 60549K [0x0000000080000000, 0x0000000100000000)
  region size 1024K, 3 young (3072K), 3 survivors (3072K)
 Metaspace       used 69103K, committed 69696K, reserved 1114112K
  class space    used 9139K, committed 9408K, reserved 1048576K
}
Event: 12.268 GC heap before
{Heap before GC invocations=23 (full 0):
 garbage-first heap   total 119808K, used 95365K [0x0000000080000000, 0x0000000100000000)
  region size 1024K, 36 young (36864K), 3 survivors (3072K)
 Metaspace       used 73194K, committed 73792K, reserved 1114112K
  class space    used 9892K, committed 10176K, reserved 1048576K
}
Event: 12.272 GC heap after
{Heap after GC invocations=24 (full 0):
 garbage-first heap   total 119808K, used 61798K [0x0000000080000000, 0x0000000100000000)
  region size 1024K, 4 young (4096K), 4 survivors (4096K)
 Metaspace       used 73194K, committed 73792K, reserved 1114112K
  class space    used 9892K, committed 10176K, reserved 1048576K
}
Event: 12.287 GC heap before
{Heap before GC invocations=24 (full 0):
 garbage-first heap   total 119808K, used 62822K [0x0000000080000000, 0x0000000100000000)
  region size 1024K, 5 young (5120K), 4 survivors (4096K)
 Metaspace       used 73310K, committed 73920K, reserved 1114112K
  class space    used 9907K, committed 10176K, reserved 1048576K
}
Event: 12.291 GC heap after
{Heap after GC invocations=25 (full 0):
 garbage-first heap   total 119808K, used 62229K [0x0000000080000000, 0x0000000100000000)
  region size 1024K, 1 young (1024K), 1 survivors (1024K)
 Metaspace       used 73310K, committed 73920K, reserved 1114112K
  class space    used 9907K, committed 10176K, reserved 1048576K
}
Event: 12.549 GC heap before
{Heap before GC invocations=25 (full 0):
 garbage-first heap   total 119808K, used 96021K [0x0000000080000000, 0x0000000100000000)
  region size 1024K, 34 young (34816K), 1 survivors (1024K)
 Metaspace       used 74454K, committed 75008K, reserved 1114112K
  class space    used 10093K, committed 10368K, reserved 1048576K
}
Event: 12.553 GC heap after
{Heap after GC invocations=26 (full 0):
 garbage-first heap   total 119808K, used 64582K [0x0000000080000000, 0x0000000100000000)
  region size 1024K, 3 young (3072K), 3 survivors (3072K)
 Metaspace       used 74454K, committed 75008K, reserved 1114112K
  class space    used 10093K, committed 10368K, reserved 1048576K
}
Event: 12.999 GC heap before
{Heap before GC invocations=27 (full 0):
 garbage-first heap   total 124928K, used 96326K [0x0000000080000000, 0x0000000100000000)
  region size 1024K, 34 young (34816K), 3 survivors (3072K)
 Metaspace       used 76540K, committed 77120K, reserved 1122304K
  class space    used 10385K, committed 10624K, reserved 1048576K
}
Event: 13.005 GC heap after
{Heap after GC invocations=28 (full 0):
 garbage-first heap   total 124928K, used 67526K [0x0000000080000000, 0x0000000100000000)
  region size 1024K, 3 young (3072K), 3 survivors (3072K)
 Metaspace       used 76540K, committed 77120K, reserved 1122304K
  class space    used 10385K, committed 10624K, reserved 1048576K
}
Event: 13.043 GC heap before
{Heap before GC invocations=28 (full 0):
 garbage-first heap   total 124928K, used 70598K [0x0000000080000000, 0x0000000100000000)
  region size 1024K, 6 young (6144K), 3 survivors (3072K)
 Metaspace       used 76738K, committed 77312K, reserved 1122304K
  class space    used 10416K, committed 10688K, reserved 1048576K
}
Event: 13.046 GC heap after
{Heap after GC invocations=29 (full 0):
 garbage-first heap   total 124928K, used 67613K [0x0000000080000000, 0x0000000100000000)
  region size 1024K, 1 young (1024K), 1 survivors (1024K)
 Metaspace       used 76738K, committed 77312K, reserved 1122304K
  class space    used 10416K, committed 10688K, reserved 1048576K
}
Event: 13.582 GC heap before
{Heap before GC invocations=29 (full 0):
 garbage-first heap   total 124928K, used 101405K [0x0000000080000000, 0x0000000100000000)
  region size 1024K, 34 young (34816K), 1 survivors (1024K)
 Metaspace       used 81313K, committed 81984K, reserved 1122304K
  class space    used 11082K, committed 11392K, reserved 1048576K
}
Event: 13.587 GC heap after
{Heap after GC invocations=30 (full 0):
 garbage-first heap   total 246784K, used 69903K [0x0000000080000000, 0x0000000100000000)
  region size 1024K, 3 young (3072K), 3 survivors (3072K)
 Metaspace       used 81313K, committed 81984K, reserved 1122304K
  class space    used 11082K, committed 11392K, reserved 1048576K
}

