# JRE version: OpenJDK Runtime Environment (17.0.6) (build 17.0.6+0-b2043.56-10027231)
# Java VM: OpenJDK 64-Bit Server VM (17.0.6+0-b2043.56-10027231, mixed mode, tiered, compressed oops, compressed class ptrs, g1 gc, windows-amd64)
GC Precious Log:
 CPUs: 8 total, 8 available
 Memory: 8025M
 Large Page Support: Disabled
 NUMA Support: Disabled
 Compressed Oops: Enabled (32-bit)
 Heap Region Size: 1M
 Heap Min Capacity: 8M
 Heap Initial Capacity: 126M
 Heap Max Capacity: 2G
 Pre-touch: Disabled
 Parallel Workers: 8
 Concurrent Workers: 2
 Concurrent Refinement Workers: 8
 Periodic GC: Disabled
Heap:
 garbage-first heap   total 129024K, used 76169K [0x0000000080000000, 0x0000000100000000)
  region size 1024K, 5 young (5120K), 5 survivors (5120K)
 Metaspace       used 82546K, committed 83264K, reserved 1122304K
  class space    used 11248K, committed 11584K, reserved 1048576K
GC Heap History (20 events):
Event: 7.435 GC heap after
{Heap after GC invocations=22 (full 0):
 garbage-first heap   total 107520K, used 55572K [0x0000000080000000, 0x0000000100000000)
  region size 1024K, 3 young (3072K), 3 survivors (3072K)
 Metaspace       used 64813K, committed 65280K, reserved 1105920K
  class space    used 8564K, committed 8768K, reserved 1048576K
}
Event: 7.662 GC heap before
{Heap before GC invocations=22 (full 0):
 garbage-first heap   total 107520K, used 78100K [0x0000000080000000, 0x0000000100000000)
  region size 1024K, 26 young (26624K), 3 survivors (3072K)
 Metaspace       used 66841K, committed 67328K, reserved 1114112K
  class space    used 8828K, committed 9024K, reserved 1048576K
}
Event: 7.665 GC heap after
{Heap after GC invocations=23 (full 0):
 garbage-first heap   total 107520K, used 57432K [0x0000000080000000, 0x0000000100000000)
  region size 1024K, 4 young (4096K), 4 survivors (4096K)
 Metaspace       used 66841K, committed 67328K, reserved 1114112K
  class space    used 8828K, committed 9024K, reserved 1048576K
}
Event: 7.795 GC heap before
{Heap before GC invocations=24 (full 0):
 garbage-first heap   total 107520K, used 79960K [0x0000000080000000, 0x0000000100000000)
  region size 1024K, 27 young (27648K), 4 survivors (4096K)
 Metaspace       used 67058K, committed 67584K, reserved 1114112K
  class space    used 8869K, committed 9088K, reserved 1048576K
}
Event: 7.799 GC heap after
{Heap after GC invocations=25 (full 0):
 garbage-first heap   total 107520K, used 58316K [0x0000000080000000, 0x0000000100000000)
  region size 1024K, 4 young (4096K), 4 survivors (4096K)
 Metaspace       used 67058K, committed 67584K, reserved 1114112K
  class space    used 8869K, committed 9088K, reserved 1048576K
}
Event: 7.804 GC heap before
{Heap before GC invocations=25 (full 0):
 garbage-first heap   total 107520K, used 59340K [0x0000000080000000, 0x0000000100000000)
  region size 1024K, 5 young (5120K), 4 survivors (4096K)
 Metaspace       used 67060K, committed 67584K, reserved 1114112K
  class space    used 8869K, committed 9088K, reserved 1048576K
}
Event: 7.806 GC heap after
{Heap after GC invocations=26 (full 0):
 garbage-first heap   total 129024K, used 58444K [0x0000000080000000, 0x0000000100000000)
  region size 1024K, 1 young (1024K), 1 survivors (1024K)
 Metaspace       used 67060K, committed 67584K, reserved 1114112K
  class space    used 8869K, committed 9088K, reserved 1048576K
}
Event: 8.041 GC heap before
{Heap before GC invocations=26 (full 0):
 garbage-first heap   total 129024K, used 88140K [0x0000000080000000, 0x0000000100000000)
  region size 1024K, 31 young (31744K), 1 survivors (1024K)
 Metaspace       used 68992K, committed 69568K, reserved 1114112K
  class space    used 9132K, committed 9344K, reserved 1048576K
}
Event: 8.044 GC heap after
{Heap after GC invocations=27 (full 0):
 garbage-first heap   total 129024K, used 60370K [0x0000000080000000, 0x0000000100000000)
  region size 1024K, 3 young (3072K), 3 survivors (3072K)
 Metaspace       used 68992K, committed 69568K, reserved 1114112K
  class space    used 9132K, committed 9344K, reserved 1048576K
}
Event: 8.551 GC heap before
{Heap before GC invocations=28 (full 0):
 garbage-first heap   total 129024K, used 98258K [0x0000000080000000, 0x0000000100000000)
  region size 1024K, 39 young (39936K), 3 survivors (3072K)
 Metaspace       used 73463K, committed 74112K, reserved 1114112K
  class space    used 9933K, committed 10240K, reserved 1048576K
}
Event: 8.555 GC heap after
{Heap after GC invocations=29 (full 0):
 garbage-first heap   total 129024K, used 62187K [0x0000000080000000, 0x0000000100000000)
  region size 1024K, 5 young (5120K), 5 survivors (5120K)
 Metaspace       used 73463K, committed 74112K, reserved 1114112K
  class space    used 9933K, committed 10240K, reserved 1048576K
}
Event: 8.566 GC heap before
{Heap before GC invocations=29 (full 0):
 garbage-first heap   total 129024K, used 63211K [0x0000000080000000, 0x0000000100000000)
  region size 1024K, 6 young (6144K), 5 survivors (5120K)
 Metaspace       used 73579K, committed 74176K, reserved 1114112K
  class space    used 9955K, committed 10240K, reserved 1048576K
}
Event: 8.571 GC heap after
{Heap after GC invocations=30 (full 0):
 garbage-first heap   total 129024K, used 62137K [0x0000000080000000, 0x0000000100000000)
  region size 1024K, 1 young (1024K), 1 survivors (1024K)
 Metaspace       used 73579K, committed 74176K, reserved 1114112K
  class space    used 9955K, committed 10240K, reserved 1048576K
}
Event: 8.765 GC heap before
{Heap before GC invocations=30 (full 0):
 garbage-first heap   total 129024K, used 100025K [0x0000000080000000, 0x0000000100000000)
  region size 1024K, 38 young (38912K), 1 survivors (1024K)
 Metaspace       used 74452K, committed 75072K, reserved 1114112K
  class space    used 10094K, committed 10368K, reserved 1048576K
}
Event: 8.768 GC heap after
{Heap after GC invocations=31 (full 0):
 garbage-first heap   total 129024K, used 64819K [0x0000000080000000, 0x0000000100000000)
  region size 1024K, 4 young (4096K), 4 survivors (4096K)
 Metaspace       used 74452K, committed 75072K, reserved 1114112K
  class space    used 10094K, committed 10368K, reserved 1048576K
}
Event: 9.363 GC heap before
{Heap before GC invocations=32 (full 0):
 garbage-first heap   total 129024K, used 101683K [0x0000000080000000, 0x0000000100000000)
  region size 1024K, 40 young (40960K), 4 survivors (4096K)
 Metaspace       used 78268K, committed 78784K, reserved 1122304K
  class space    used 10654K, committed 10880K, reserved 1048576K
}
Event: 9.370 GC heap after
{Heap after GC invocations=33 (full 0):
 garbage-first heap   total 129024K, used 67713K [0x0000000080000000, 0x0000000100000000)
  region size 1024K, 3 young (3072K), 3 survivors (3072K)
 Metaspace       used 78268K, committed 78784K, reserved 1122304K
  class space    used 10654K, committed 10880K, reserved 1048576K
}
Event: 10.073 GC heap before
{Heap before GC invocations=33 (full 0):
 garbage-first heap   total 129024K, used 102529K [0x0000000080000000, 0x0000000100000000)
  region size 1024K, 37 young (37888K), 3 survivors (3072K)
 Metaspace       used 81856K, committed 82496K, reserved 1122304K
  class space    used 11164K, committed 11456K, reserved 1048576K
}
Event: 10.080 GC heap after
{Heap after GC invocations=34 (full 0):
 garbage-first heap   total 129024K, used 70894K [0x0000000080000000, 0x0000000100000000)
  region size 1024K, 4 young (4096K), 4 survivors (4096K)
 Metaspace       used 81856K, committed 82496K, reserved 1122304K
  class space    used 11164K, committed 11456K, reserved 1048576K
}
Event: 10.493 GC heap before
{Heap before GC invocations=34 (full 0):
 garbage-first heap   total 129024K, used 104686K [0x0000000080000000, 0x0000000100000000)
  region size 1024K, 37 young (37888K), 4 survivors (4096K)
 Metaspace       used 82546K, committed 83264K, reserved 1122304K
  class space    used 11248K, committed 11584K, reserved 1048576K
}

