# JRE version: OpenJDK Runtime Environment (17.0.6) (build 17.0.6+0-b2043.56-10027231)
# Java VM: OpenJDK 64-Bit Server VM (17.0.6+0-b2043.56-10027231, mixed mode, tiered, compressed oops, compressed class ptrs, g1 gc, windows-amd64)
GC Precious Log:
 CPUs: 8 total, 8 available
 Memory: 8025M
 Large Page Support: Disabled
 NUMA Support: Disabled
 Compressed Oops: Enabled (32-bit)
 Heap Region Size: 1M
 Heap Min Capacity: 8M
 Heap Initial Capacity: 126M
 Heap Max Capacity: 2G
 Pre-touch: Disabled
 Parallel Workers: 8
 Concurrent Workers: 2
 Concurrent Refinement Workers: 8
 Periodic GC: Disabled
Heap:
 garbage-first heap   total 264192K, used 205931K [0x0000000080000000, 0x0000000100000000)
  region size 1024K, 103 young (105472K), 6 survivors (6144K)
 Metaspace       used 104205K, committed 104896K, reserved 1146880K
  class space    used 14104K, committed 14464K, reserved 1048576K
GC Heap History (20 events):
Event: 14.987 GC heap before
{Heap before GC invocations=24 (full 0):
 garbage-first heap   total 106496K, used 77111K [0x0000000080000000, 0x0000000100000000)
  region size 1024K, 19 young (19456K), 1 survivors (1024K)
 Metaspace       used 64632K, committed 65152K, reserved 1105920K
  class space    used 8531K, committed 8768K, reserved 1048576K
}
Event: 14.990 GC heap after
{Heap after GC invocations=25 (full 0):
 garbage-first heap   total 106496K, used 58594K [0x0000000080000000, 0x0000000100000000)
  region size 1024K, 2 young (2048K), 2 survivors (2048K)
 Metaspace       used 64632K, committed 65152K, reserved 1105920K
  class space    used 8531K, committed 8768K, reserved 1048576K
}
Event: 15.090 GC heap before
{Heap before GC invocations=25 (full 0):
 garbage-first heap   total 106496K, used 61666K [0x0000000080000000, 0x0000000100000000)
  region size 1024K, 5 young (5120K), 2 survivors (2048K)
 Metaspace       used 64868K, committed 65408K, reserved 1105920K
  class space    used 8565K, committed 8832K, reserved 1048576K
}
Event: 15.097 GC heap after
{Heap after GC invocations=26 (full 0):
 garbage-first heap   total 106496K, used 58651K [0x0000000080000000, 0x0000000100000000)
  region size 1024K, 1 young (1024K), 1 survivors (1024K)
 Metaspace       used 64868K, committed 65408K, reserved 1105920K
  class space    used 8565K, committed 8832K, reserved 1048576K
}
Event: 15.669 GC heap before
{Heap before GC invocations=26 (full 0):
 garbage-first heap   total 106496K, used 85275K [0x0000000080000000, 0x0000000100000000)
  region size 1024K, 27 young (27648K), 1 survivors (1024K)
 Metaspace       used 66949K, committed 67520K, reserved 1114112K
  class space    used 8834K, committed 9088K, reserved 1048576K
}
Event: 15.673 GC heap after
{Heap after GC invocations=27 (full 0):
 garbage-first heap   total 106496K, used 60664K [0x0000000080000000, 0x0000000100000000)
  region size 1024K, 3 young (3072K), 3 survivors (3072K)
 Metaspace       used 66949K, committed 67520K, reserved 1114112K
  class space    used 8834K, committed 9088K, reserved 1048576K
}
Event: 15.946 GC heap before
{Heap before GC invocations=28 (full 0):
 garbage-first heap   total 106496K, used 82168K [0x0000000080000000, 0x0000000100000000)
  region size 1024K, 28 young (28672K), 3 survivors (3072K)
 Metaspace       used 67195K, committed 67776K, reserved 1114112K
  class space    used 8879K, committed 9152K, reserved 1048576K
}
Event: 15.952 GC heap after
{Heap after GC invocations=29 (full 0):
 garbage-first heap   total 106496K, used 58863K [0x0000000080000000, 0x0000000100000000)
  region size 1024K, 3 young (3072K), 3 survivors (3072K)
 Metaspace       used 67195K, committed 67776K, reserved 1114112K
  class space    used 8879K, committed 9152K, reserved 1048576K
}
Event: 15.974 GC heap before
{Heap before GC invocations=29 (full 0):
 garbage-first heap   total 106496K, used 60911K [0x0000000080000000, 0x0000000100000000)
  region size 1024K, 5 young (5120K), 3 survivors (3072K)
 Metaspace       used 67195K, committed 67776K, reserved 1114112K
  class space    used 8879K, committed 9152K, reserved 1048576K
}
Event: 15.981 GC heap after
{Heap after GC invocations=30 (full 0):
 garbage-first heap   total 264192K, used 58320K [0x0000000080000000, 0x0000000100000000)
  region size 1024K, 1 young (1024K), 1 survivors (1024K)
 Metaspace       used 67195K, committed 67776K, reserved 1114112K
  class space    used 8879K, committed 9152K, reserved 1048576K
}
Event: 18.986 GC heap before
{Heap before GC invocations=30 (full 0):
 garbage-first heap   total 264192K, used 192464K [0x0000000080000000, 0x0000000100000000)
  region size 1024K, 132 young (135168K), 1 survivors (1024K)
 Metaspace       used 77644K, committed 78272K, reserved 1122304K
  class space    used 10543K, committed 10816K, reserved 1048576K
}
Event: 19.002 GC heap after
{Heap after GC invocations=31 (full 0):
 garbage-first heap   total 264192K, used 67327K [0x0000000080000000, 0x0000000100000000)
  region size 1024K, 10 young (10240K), 10 survivors (10240K)
 Metaspace       used 77644K, committed 78272K, reserved 1122304K
  class space    used 10543K, committed 10816K, reserved 1048576K
}
Event: 24.415 GC heap before
{Heap before GC invocations=31 (full 0):
 garbage-first heap   total 264192K, used 197375K [0x0000000080000000, 0x0000000100000000)
  region size 1024K, 137 young (140288K), 10 survivors (10240K)
 Metaspace       used 85039K, committed 85696K, reserved 1130496K
  class space    used 11679K, committed 11968K, reserved 1048576K
}
Event: 24.453 GC heap after
{Heap after GC invocations=32 (full 0):
 garbage-first heap   total 264192K, used 82965K [0x0000000080000000, 0x0000000100000000)
  region size 1024K, 16 young (16384K), 16 survivors (16384K)
 Metaspace       used 85039K, committed 85696K, reserved 1130496K
  class space    used 11679K, committed 11968K, reserved 1048576K
}
Event: 28.655 GC heap before
{Heap before GC invocations=32 (full 0):
 garbage-first heap   total 264192K, used 198677K [0x0000000080000000, 0x0000000100000000)
  region size 1024K, 130 young (133120K), 16 survivors (16384K)
 Metaspace       used 86039K, committed 86784K, reserved 1130496K
  class space    used 11750K, committed 12096K, reserved 1048576K
}
Event: 28.688 GC heap after
{Heap after GC invocations=33 (full 0):
 garbage-first heap   total 264192K, used 92276K [0x0000000080000000, 0x0000000100000000)
  region size 1024K, 10 young (10240K), 10 survivors (10240K)
 Metaspace       used 86039K, committed 86784K, reserved 1130496K
  class space    used 11750K, committed 12096K, reserved 1048576K
}
Event: 30.236 GC heap before
{Heap before GC invocations=33 (full 0):
 garbage-first heap   total 264192K, used 204916K [0x0000000080000000, 0x0000000100000000)
  region size 1024K, 120 young (122880K), 10 survivors (10240K)
 Metaspace       used 92032K, committed 92736K, reserved 1130496K
  class space    used 12513K, committed 12864K, reserved 1048576K
}
Event: 30.261 GC heap after
{Heap after GC invocations=34 (full 0):
 garbage-first heap   total 264192K, used 104600K [0x0000000080000000, 0x0000000100000000)
  region size 1024K, 15 young (15360K), 15 survivors (15360K)
 Metaspace       used 92032K, committed 92736K, reserved 1130496K
  class space    used 12513K, committed 12864K, reserved 1048576K
}
Event: 32.585 GC heap before
{Heap before GC invocations=34 (full 0):
 garbage-first heap   total 264192K, used 207000K [0x0000000080000000, 0x0000000100000000)
  region size 1024K, 114 young (116736K), 15 survivors (15360K)
 Metaspace       used 97474K, committed 98176K, reserved 1138688K
  class space    used 13113K, committed 13440K, reserved 1048576K
}
Event: 32.605 GC heap after
{Heap after GC invocations=35 (full 0):
 garbage-first heap   total 264192K, used 108651K [0x0000000080000000, 0x0000000100000000)
  region size 1024K, 6 young (6144K), 6 survivors (6144K)
 Metaspace       used 97474K, committed 98176K, reserved 1138688K
  class space    used 13113K, committed 13440K, reserved 1048576K
}

